{"C:\\PSU-Grad\\SWENG861\\Assignments\\week5\\frontend\\src\\App.js": {"path":"C:\\PSU-Grad\\SWENG861\\Assignments\\week5\\frontend\\src\\App.js","statementMap":{"0":{"start":{"line":11,"column":26},"end":{"line":11,"column":40}},"1":{"start":{"line":13,"column":2},"end":{"line":23,"column":9}},"2":{"start":{"line":14,"column":18},"end":{"line":14,"column":47}},"3":{"start":{"line":15,"column":4},"end":{"line":22,"column":5}},"4":{"start":{"line":16,"column":6},"end":{"line":21,"column":7}},"5":{"start":{"line":17,"column":24},"end":{"line":17,"column":40}},"6":{"start":{"line":18,"column":8},"end":{"line":18,"column":40}},"7":{"start":{"line":20,"column":8},"end":{"line":20,"column":44}},"8":{"start":{"line":25,"column":23},"end":{"line":28,"column":3}},"9":{"start":{"line":26,"column":4},"end":{"line":26,"column":37}},"10":{"start":{"line":27,"column":4},"end":{"line":27,"column":18}},"11":{"start":{"line":30,"column":2},"end":{"line":63,"column":4}}},"fnMap":{"0":{"name":"App","decl":{"start":{"line":10,"column":9},"end":{"line":10,"column":12}},"loc":{"start":{"line":10,"column":15},"end":{"line":64,"column":1}},"line":10},"1":{"name":"(anonymous_1)","decl":{"start":{"line":13,"column":12},"end":{"line":13,"column":13}},"loc":{"start":{"line":13,"column":18},"end":{"line":23,"column":3}},"line":13},"2":{"name":"(anonymous_2)","decl":{"start":{"line":25,"column":23},"end":{"line":25,"column":24}},"loc":{"start":{"line":25,"column":29},"end":{"line":28,"column":3}},"line":25}},"branchMap":{"0":{"loc":{"start":{"line":15,"column":4},"end":{"line":22,"column":5}},"type":"if","locations":[{"start":{"line":15,"column":4},"end":{"line":22,"column":5}},{"start":{},"end":{}}],"line":15},"1":{"loc":{"start":{"line":18,"column":16},"end":{"line":18,"column":38}},"type":"binary-expr","locations":[{"start":{"line":18,"column":16},"end":{"line":18,"column":27}},{"start":{"line":18,"column":31},"end":{"line":18,"column":38}}],"line":18},"2":{"loc":{"start":{"line":37,"column":9},"end":{"line":45,"column":9}},"type":"binary-expr","locations":[{"start":{"line":37,"column":9},"end":{"line":37,"column":13}},{"start":{"line":38,"column":10},"end":{"line":44,"column":17}}],"line":37},"3":{"loc":{"start":{"line":39,"column":35},"end":{"line":39,"column":61}},"type":"binary-expr","locations":[{"start":{"line":39,"column":35},"end":{"line":39,"column":44}},{"start":{"line":39,"column":48},"end":{"line":39,"column":61}}],"line":39}},"s":{"0":9,"1":9,"2":6,"3":6,"4":3,"5":3,"6":2,"7":1,"8":9,"9":1,"10":1,"11":9},"f":{"0":9,"1":6,"2":1},"b":{"0":[3,3],"1":[2,2],"2":[9,2],"3":[2,1]},"_coverageSchema":"1a1c01bbd47fc00a2c39e90264f33305004495a9","hash":"af97b9e1280941e0043f29ec3fd8a501594278e5"}
,"C:\\PSU-Grad\\SWENG861\\Assignments\\week5\\frontend\\src\\api.js": {"path":"C:\\PSU-Grad\\SWENG861\\Assignments\\week5\\frontend\\src\\api.js","statementMap":{"0":{"start":{"line":3,"column":12},"end":{"line":5,"column":2}},"1":{"start":{"line":8,"column":0},"end":{"line":14,"column":3}},"2":{"start":{"line":9,"column":16},"end":{"line":9,"column":45}},"3":{"start":{"line":10,"column":2},"end":{"line":12,"column":3}},"4":{"start":{"line":11,"column":4},"end":{"line":11,"column":53}},"5":{"start":{"line":13,"column":2},"end":{"line":13,"column":16}}},"fnMap":{"0":{"name":"(anonymous_0)","decl":{"start":{"line":8,"column":29},"end":{"line":8,"column":30}},"loc":{"start":{"line":8,"column":41},"end":{"line":14,"column":1}},"line":8}},"branchMap":{"0":{"loc":{"start":{"line":10,"column":2},"end":{"line":12,"column":3}},"type":"if","locations":[{"start":{"line":10,"column":2},"end":{"line":12,"column":3}},{"start":{},"end":{}}],"line":10}},"s":{"0":1,"1":1,"2":3,"3":3,"4":2,"5":3},"f":{"0":3},"b":{"0":[2,1]},"_coverageSchema":"1a1c01bbd47fc00a2c39e90264f33305004495a9","hash":"93428aeb9a92a8091cd10cc90302778f4a48ad29"}
,"C:\\PSU-Grad\\SWENG861\\Assignments\\week5\\frontend\\src\\index.js": {"path":"C:\\PSU-Grad\\SWENG861\\Assignments\\week5\\frontend\\src\\index.js","statementMap":{"0":{"start":{"line":7,"column":13},"end":{"line":7,"column":65}},"1":{"start":{"line":8,"column":0},"end":{"line":12,"column":2}},"2":{"start":{"line":14,"column":0},"end":{"line":14,"column":18}}},"fnMap":{},"branchMap":{},"s":{"0":1,"1":1,"2":1},"f":{},"b":{},"_coverageSchema":"1a1c01bbd47fc00a2c39e90264f33305004495a9","hash":"342f01a845c5f8f636ec877151cfb805e9853c3f"}
,"C:\\PSU-Grad\\SWENG861\\Assignments\\week5\\frontend\\src\\reportWebVitals.js": {"path":"C:\\PSU-Grad\\SWENG861\\Assignments\\week5\\frontend\\src\\reportWebVitals.js","statementMap":{"0":{"start":{"line":1,"column":24},"end":{"line":11,"column":1}},"1":{"start":{"line":2,"column":2},"end":{"line":10,"column":3}},"2":{"start":{"line":3,"column":4},"end":{"line":9,"column":7}},"3":{"start":{"line":4,"column":6},"end":{"line":4,"column":26}},"4":{"start":{"line":5,"column":6},"end":{"line":5,"column":26}},"5":{"start":{"line":6,"column":6},"end":{"line":6,"column":26}},"6":{"start":{"line":7,"column":6},"end":{"line":7,"column":26}},"7":{"start":{"line":8,"column":6},"end":{"line":8,"column":27}}},"fnMap":{"0":{"name":"(anonymous_0)","decl":{"start":{"line":1,"column":24},"end":{"line":1,"column":25}},"loc":{"start":{"line":1,"column":39},"end":{"line":11,"column":1}},"line":1},"1":{"name":"(anonymous_1)","decl":{"start":{"line":3,"column":30},"end":{"line":3,"column":31}},"loc":{"start":{"line":3,"column":79},"end":{"line":9,"column":5}},"line":3}},"branchMap":{"0":{"loc":{"start":{"line":2,"column":2},"end":{"line":10,"column":3}},"type":"if","locations":[{"start":{"line":2,"column":2},"end":{"line":10,"column":3}},{"start":{},"end":{}}],"line":2},"1":{"loc":{"start":{"line":2,"column":6},"end":{"line":2,"column":52}},"type":"binary-expr","locations":[{"start":{"line":2,"column":6},"end":{"line":2,"column":17}},{"start":{"line":2,"column":21},"end":{"line":2,"column":52}}],"line":2}},"s":{"0":1,"1":2,"2":0,"3":0,"4":0,"5":0,"6":0,"7":0},"f":{"0":2,"1":0},"b":{"0":[0,2],"1":[2,1]},"_coverageSchema":"1a1c01bbd47fc00a2c39e90264f33305004495a9","hash":"9e5ae41d4c15329ec1979e321b824af0db31737a"}
,"C:\\PSU-Grad\\SWENG861\\Assignments\\week5\\frontend\\src\\components\\ProtectedRoute.js": {"path":"C:\\PSU-Grad\\SWENG861\\Assignments\\week5\\frontend\\src\\components\\ProtectedRoute.js","statementMap":{"0":{"start":{"line":4,"column":16},"end":{"line":4,"column":45}},"1":{"start":{"line":6,"column":2},"end":{"line":8,"column":3}},"2":{"start":{"line":7,"column":4},"end":{"line":7,"column":44}},"3":{"start":{"line":9,"column":2},"end":{"line":9,"column":18}}},"fnMap":{"0":{"name":"ProtectedRoute","decl":{"start":{"line":3,"column":9},"end":{"line":3,"column":23}},"loc":{"start":{"line":3,"column":38},"end":{"line":10,"column":1}},"line":3}},"branchMap":{"0":{"loc":{"start":{"line":6,"column":2},"end":{"line":8,"column":3}},"type":"if","locations":[{"start":{"line":6,"column":2},"end":{"line":8,"column":3}},{"start":{},"end":{}}],"line":6}},"s":{"0":2,"1":2,"2":1,"3":1},"f":{"0":2},"b":{"0":[1,1]},"_coverageSchema":"1a1c01bbd47fc00a2c39e90264f33305004495a9","hash":"0e3fb75307925a76448fcaac67c5063ce7fbc4da"}
,"C:\\PSU-Grad\\SWENG861\\Assignments\\week5\\frontend\\src\\pages\\Callback.js": {"path":"C:\\PSU-Grad\\SWENG861\\Assignments\\week5\\frontend\\src\\pages\\Callback.js","statementMap":{"0":{"start":{"line":5,"column":2},"end":{"line":10,"column":4}}},"fnMap":{"0":{"name":"Callback","decl":{"start":{"line":4,"column":9},"end":{"line":4,"column":17}},"loc":{"start":{"line":4,"column":20},"end":{"line":11,"column":1}},"line":4}},"branchMap":{},"s":{"0":1},"f":{"0":1},"b":{},"_coverageSchema":"1a1c01bbd47fc00a2c39e90264f33305004495a9","hash":"ec0631169c77e85ba4a853aaa0d793904ca29502"}
,"C:\\PSU-Grad\\SWENG861\\Assignments\\week5\\frontend\\src\\pages\\CovidCrud.js": {"path":"C:\\PSU-Grad\\SWENG861\\Assignments\\week5\\frontend\\src\\pages\\CovidCrud.js","statementMap":{"0":{"start":{"line":6,"column":19},"end":{"line":6,"column":42}},"1":{"start":{"line":7,"column":16},"end":{"line":7,"column":45}},"2":{"start":{"line":9,"column":28},"end":{"line":9,"column":40}},"3":{"start":{"line":10,"column":34},"end":{"line":16,"column":4}},"4":{"start":{"line":17,"column":36},"end":{"line":17,"column":50}},"5":{"start":{"line":20,"column":25},"end":{"line":27,"column":3}},"6":{"start":{"line":21,"column":4},"end":{"line":26,"column":5}},"7":{"start":{"line":22,"column":18},"end":{"line":22,"column":54}},"8":{"start":{"line":23,"column":6},"end":{"line":23,"column":25}},"9":{"start":{"line":25,"column":6},"end":{"line":25,"column":44}},"10":{"start":{"line":30,"column":24},"end":{"line":38,"column":3}},"11":{"start":{"line":31,"column":4},"end":{"line":37,"column":5}},"12":{"start":{"line":32,"column":6},"end":{"line":32,"column":49}},"13":{"start":{"line":33,"column":6},"end":{"line":33,"column":44}},"14":{"start":{"line":34,"column":6},"end":{"line":34,"column":23}},"15":{"start":{"line":36,"column":6},"end":{"line":36,"column":42}},"16":{"start":{"line":40,"column":2},"end":{"line":42,"column":9}},"17":{"start":{"line":41,"column":4},"end":{"line":41,"column":21}},"18":{"start":{"line":45,"column":23},"end":{"line":47,"column":3}},"19":{"start":{"line":46,"column":4},"end":{"line":46,"column":66}},"20":{"start":{"line":50,"column":23},"end":{"line":71,"column":3}},"21":{"start":{"line":51,"column":4},"end":{"line":70,"column":5}},"22":{"start":{"line":52,"column":6},"end":{"line":62,"column":7}},"23":{"start":{"line":53,"column":8},"end":{"line":55,"column":11}},"24":{"start":{"line":56,"column":8},"end":{"line":56,"column":34}},"25":{"start":{"line":58,"column":8},"end":{"line":60,"column":11}},"26":{"start":{"line":61,"column":8},"end":{"line":61,"column":32}},"27":{"start":{"line":64,"column":6},"end":{"line":64,"column":23}},"28":{"start":{"line":65,"column":6},"end":{"line":65,"column":85}},"29":{"start":{"line":66,"column":6},"end":{"line":66,"column":25}},"30":{"start":{"line":68,"column":8},"end":{"line":68,"column":57}},"31":{"start":{"line":69,"column":8},"end":{"line":69,"column":95}},"32":{"start":{"line":74,"column":23},"end":{"line":83,"column":3}},"33":{"start":{"line":75,"column":4},"end":{"line":81,"column":7}},"34":{"start":{"line":82,"column":4},"end":{"line":82,"column":26}},"35":{"start":{"line":86,"column":23},"end":{"line":96,"column":3}},"36":{"start":{"line":87,"column":4},"end":{"line":95,"column":5}},"37":{"start":{"line":88,"column":6},"end":{"line":90,"column":9}},"38":{"start":{"line":91,"column":6},"end":{"line":91,"column":32}},"39":{"start":{"line":92,"column":6},"end":{"line":92,"column":23}},"40":{"start":{"line":94,"column":6},"end":{"line":94,"column":58}},"41":{"start":{"line":98,"column":2},"end":{"line":189,"column":4}},"42":{"start":{"line":164,"column":12},"end":{"line":184,"column":17}},"43":{"start":{"line":173,"column":33},"end":{"line":173,"column":51}},"44":{"start":{"line":179,"column":33},"end":{"line":179,"column":54}}},"fnMap":{"0":{"name":"CovidCrud","decl":{"start":{"line":5,"column":9},"end":{"line":5,"column":18}},"loc":{"start":{"line":5,"column":21},"end":{"line":190,"column":1}},"line":5},"1":{"name":"(anonymous_1)","decl":{"start":{"line":20,"column":25},"end":{"line":20,"column":26}},"loc":{"start":{"line":20,"column":37},"end":{"line":27,"column":3}},"line":20},"2":{"name":"(anonymous_2)","decl":{"start":{"line":30,"column":24},"end":{"line":30,"column":25}},"loc":{"start":{"line":30,"column":36},"end":{"line":38,"column":3}},"line":30},"3":{"name":"(anonymous_3)","decl":{"start":{"line":40,"column":12},"end":{"line":40,"column":13}},"loc":{"start":{"line":40,"column":18},"end":{"line":42,"column":3}},"line":40},"4":{"name":"(anonymous_4)","decl":{"start":{"line":45,"column":23},"end":{"line":45,"column":24}},"loc":{"start":{"line":45,"column":30},"end":{"line":47,"column":3}},"line":45},"5":{"name":"(anonymous_5)","decl":{"start":{"line":50,"column":23},"end":{"line":50,"column":24}},"loc":{"start":{"line":50,"column":35},"end":{"line":71,"column":3}},"line":50},"6":{"name":"(anonymous_6)","decl":{"start":{"line":74,"column":23},"end":{"line":74,"column":24}},"loc":{"start":{"line":74,"column":33},"end":{"line":83,"column":3}},"line":74},"7":{"name":"(anonymous_7)","decl":{"start":{"line":86,"column":23},"end":{"line":86,"column":24}},"loc":{"start":{"line":86,"column":37},"end":{"line":96,"column":3}},"line":86},"8":{"name":"(anonymous_8)","decl":{"start":{"line":163,"column":21},"end":{"line":163,"column":22}},"loc":{"start":{"line":164,"column":12},"end":{"line":184,"column":17}},"line":164},"9":{"name":"(anonymous_9)","decl":{"start":{"line":173,"column":27},"end":{"line":173,"column":28}},"loc":{"start":{"line":173,"column":33},"end":{"line":173,"column":51}},"line":173},"10":{"name":"(anonymous_10)","decl":{"start":{"line":179,"column":27},"end":{"line":179,"column":28}},"loc":{"start":{"line":179,"column":33},"end":{"line":179,"column":54}},"line":179}},"branchMap":{"0":{"loc":{"start":{"line":52,"column":6},"end":{"line":62,"column":7}},"type":"if","locations":[{"start":{"line":52,"column":6},"end":{"line":62,"column":7}},{"start":{"line":57,"column":13},"end":{"line":62,"column":7}}],"line":52},"1":{"loc":{"start":{"line":68,"column":36},"end":{"line":68,"column":55}},"type":"binary-expr","locations":[{"start":{"line":68,"column":36},"end":{"line":68,"column":48}},{"start":{"line":68,"column":52},"end":{"line":68,"column":55}}],"line":68},"2":{"loc":{"start":{"line":69,"column":14},"end":{"line":69,"column":93}},"type":"binary-expr","locations":[{"start":{"line":69,"column":14},"end":{"line":69,"column":39}},{"start":{"line":69,"column":43},"end":{"line":69,"column":66}},{"start":{"line":69,"column":70},"end":{"line":69,"column":93}}],"line":69},"3":{"loc":{"start":{"line":145,"column":11},"end":{"line":145,"column":53}},"type":"cond-expr","locations":[{"start":{"line":145,"column":23},"end":{"line":145,"column":38}},{"start":{"line":145,"column":41},"end":{"line":145,"column":53}}],"line":145}},"s":{"0":23,"1":23,"2":23,"3":23,"4":23,"5":23,"6":15,"7":15,"8":14,"9":1,"10":23,"11":1,"12":1,"13":1,"14":1,"15":0,"16":23,"17":11,"18":23,"19":4,"20":23,"21":3,"22":3,"23":1,"24":1,"25":2,"26":1,"27":2,"28":2,"29":2,"30":1,"31":1,"32":23,"33":2,"34":2,"35":23,"36":1,"37":1,"38":1,"39":1,"40":0,"41":23,"42":18,"43":2,"44":1},"f":{"0":23,"1":15,"2":1,"3":11,"4":4,"5":3,"6":2,"7":1,"8":18,"9":2,"10":1},"b":{"0":[1,2],"1":[1,0],"2":[1,0,0],"3":[3,20]},"_coverageSchema":"1a1c01bbd47fc00a2c39e90264f33305004495a9","hash":"bef4ccb9fff2f03109d61acc7c51b8c69cf6705d"}
,"C:\\PSU-Grad\\SWENG861\\Assignments\\week5\\frontend\\src\\pages\\Home.js": {"path":"C:\\PSU-Grad\\SWENG861\\Assignments\\week5\\frontend\\src\\pages\\Home.js","statementMap":{"0":{"start":{"line":2,"column":2},"end":{"line":7,"column":4}}},"fnMap":{"0":{"name":"Home","decl":{"start":{"line":1,"column":9},"end":{"line":1,"column":13}},"loc":{"start":{"line":1,"column":16},"end":{"line":8,"column":1}},"line":1}},"branchMap":{},"s":{"0":11},"f":{"0":11},"b":{},"_coverageSchema":"1a1c01bbd47fc00a2c39e90264f33305004495a9","hash":"c2bdf2eab6f338a64aec69281fbe054c4d72c958"}
,"C:\\PSU-Grad\\SWENG861\\Assignments\\week5\\frontend\\src\\pages\\Login.js": {"path":"C:\\PSU-Grad\\SWENG861\\Assignments\\week5\\frontend\\src\\pages\\Login.js","statementMap":{"0":{"start":{"line":7,"column":34},"end":{"line":7,"column":46}},"1":{"start":{"line":8,"column":34},"end":{"line":8,"column":46}},"2":{"start":{"line":9,"column":34},"end":{"line":9,"column":48}},"3":{"start":{"line":11,"column":19},"end":{"line":11,"column":32}},"4":{"start":{"line":12,"column":19},"end":{"line":12,"column":32}},"5":{"start":{"line":14,"column":19},"end":{"line":14,"column":42}},"6":{"start":{"line":15,"column":26},"end":{"line":15,"column":49}},"7":{"start":{"line":18,"column":2},"end":{"line":28,"column":27}},"8":{"start":{"line":19,"column":19},"end":{"line":19,"column":55}},"9":{"start":{"line":20,"column":18},"end":{"line":20,"column":37}},"10":{"start":{"line":21,"column":4},"end":{"line":27,"column":5}},"11":{"start":{"line":22,"column":6},"end":{"line":22,"column":43}},"12":{"start":{"line":23,"column":22},"end":{"line":23,"column":38}},"13":{"start":{"line":24,"column":6},"end":{"line":24,"column":27}},"14":{"start":{"line":25,"column":6},"end":{"line":25,"column":60}},"15":{"start":{"line":26,"column":6},"end":{"line":26,"column":25}},"16":{"start":{"line":31,"column":25},"end":{"line":41,"column":3}},"17":{"start":{"line":32,"column":4},"end":{"line":40,"column":5}},"18":{"start":{"line":33,"column":18},"end":{"line":36,"column":8}},"19":{"start":{"line":37,"column":6},"end":{"line":37,"column":26}},"20":{"start":{"line":39,"column":6},"end":{"line":39,"column":62}},"21":{"start":{"line":44,"column":22},"end":{"line":67,"column":3}},"22":{"start":{"line":45,"column":4},"end":{"line":66,"column":5}},"23":{"start":{"line":46,"column":18},"end":{"line":49,"column":8}},"24":{"start":{"line":51,"column":20},"end":{"line":51,"column":41}},"25":{"start":{"line":52,"column":6},"end":{"line":52,"column":43}},"26":{"start":{"line":54,"column":6},"end":{"line":60,"column":7}},"27":{"start":{"line":55,"column":24},"end":{"line":55,"column":40}},"28":{"start":{"line":56,"column":8},"end":{"line":56,"column":29}},"29":{"start":{"line":57,"column":8},"end":{"line":57,"column":62}},"30":{"start":{"line":59,"column":8},"end":{"line":59,"column":51}},"31":{"start":{"line":62,"column":6},"end":{"line":62,"column":32}},"32":{"start":{"line":63,"column":6},"end":{"line":63,"column":25}},"33":{"start":{"line":65,"column":6},"end":{"line":65,"column":55}},"34":{"start":{"line":69,"column":2},"end":{"line":106,"column":4}},"35":{"start":{"line":76,"column":25},"end":{"line":76,"column":52}},"36":{"start":{"line":83,"column":25},"end":{"line":83,"column":52}}},"fnMap":{"0":{"name":"Login","decl":{"start":{"line":6,"column":9},"end":{"line":6,"column":14}},"loc":{"start":{"line":6,"column":17},"end":{"line":107,"column":1}},"line":6},"1":{"name":"(anonymous_1)","decl":{"start":{"line":18,"column":12},"end":{"line":18,"column":13}},"loc":{"start":{"line":18,"column":18},"end":{"line":28,"column":3}},"line":18},"2":{"name":"(anonymous_2)","decl":{"start":{"line":31,"column":25},"end":{"line":31,"column":26}},"loc":{"start":{"line":31,"column":37},"end":{"line":41,"column":3}},"line":31},"3":{"name":"(anonymous_3)","decl":{"start":{"line":44,"column":22},"end":{"line":44,"column":23}},"loc":{"start":{"line":44,"column":34},"end":{"line":67,"column":3}},"line":44},"4":{"name":"(anonymous_4)","decl":{"start":{"line":76,"column":18},"end":{"line":76,"column":19}},"loc":{"start":{"line":76,"column":25},"end":{"line":76,"column":52}},"line":76},"5":{"name":"(anonymous_5)","decl":{"start":{"line":83,"column":18},"end":{"line":83,"column":19}},"loc":{"start":{"line":83,"column":25},"end":{"line":83,"column":52}},"line":83}},"branchMap":{"0":{"loc":{"start":{"line":21,"column":4},"end":{"line":27,"column":5}},"type":"if","locations":[{"start":{"line":21,"column":4},"end":{"line":27,"column":5}},{"start":{},"end":{}}],"line":21},"1":{"loc":{"start":{"line":39,"column":12},"end":{"line":39,"column":60}},"type":"binary-expr","locations":[{"start":{"line":39,"column":12},"end":{"line":39,"column":35}},{"start":{"line":39,"column":39},"end":{"line":39,"column":60}}],"line":39},"2":{"loc":{"start":{"line":65,"column":12},"end":{"line":65,"column":53}},"type":"binary-expr","locations":[{"start":{"line":65,"column":12},"end":{"line":65,"column":35}},{"start":{"line":65,"column":39},"end":{"line":65,"column":53}}],"line":65},"3":{"loc":{"start":{"line":99,"column":7},"end":{"line":104,"column":7}},"type":"binary-expr","locations":[{"start":{"line":99,"column":7},"end":{"line":99,"column":15}},{"start":{"line":100,"column":8},"end":{"line":103,"column":14}}],"line":99}},"s":{"0":23,"1":23,"2":23,"3":23,"4":23,"5":23,"6":23,"7":23,"8":10,"9":10,"10":10,"11":6,"12":6,"13":6,"14":6,"15":6,"16":23,"17":2,"18":2,"19":1,"20":1,"21":23,"22":2,"23":2,"24":1,"25":1,"26":1,"27":1,"28":1,"29":1,"30":0,"31":1,"32":1,"33":1,"34":23,"35":3,"36":3},"f":{"0":23,"1":10,"2":2,"3":2,"4":3,"5":3},"b":{"0":[6,4],"1":[1,0],"2":[1,0],"3":[23,5]},"_coverageSchema":"1a1c01bbd47fc00a2c39e90264f33305004495a9","hash":"e6c7c770f9fa5d742cb362bc5ba94137c3b6fb72"}
}
