TN:
SF:src\App.js
FN:10,App
FN:13,(anonymous_1)
FN:25,(anonymous_2)
FNF:3
FNH:3
FNDA:9,App
FNDA:6,(anonymous_1)
FNDA:1,(anonymous_2)
DA:11,9
DA:13,9
DA:14,6
DA:15,6
DA:16,3
DA:17,3
DA:18,2
DA:20,1
DA:25,9
DA:26,1
DA:27,1
DA:30,9
LF:12
LH:12
BRDA:15,0,0,3
BRDA:15,0,1,3
BRDA:18,1,0,2
BRDA:18,1,1,2
BRDA:37,2,0,9
BRDA:37,2,1,2
BRDA:39,3,0,2
BRDA:39,3,1,1
BRF:8
BRH:8
end_of_record
TN:
SF:src\api.js
FN:8,(anonymous_0)
FNF:1
FNH:1
FNDA:3,(anonymous_0)
DA:3,1
DA:8,1
DA:9,3
DA:10,3
DA:11,2
DA:13,3
LF:6
LH:6
BRDA:10,0,0,2
BRDA:10,0,1,1
BRF:2
BRH:2
end_of_record
TN:
SF:src\index.js
FNF:0
FNH:0
DA:7,1
DA:8,1
DA:14,1
LF:3
LH:3
BRF:0
BRH:0
end_of_record
TN:
SF:src\reportWebVitals.js
FN:1,(anonymous_0)
FN:3,(anonymous_1)
FNF:2
FNH:1
FNDA:2,(anonymous_0)
FNDA:0,(anonymous_1)
DA:1,1
DA:2,2
DA:3,0
DA:4,0
DA:5,0
DA:6,0
DA:7,0
DA:8,0
LF:8
LH:2
BRDA:2,0,0,0
BRDA:2,0,1,2
BRDA:2,1,0,2
BRDA:2,1,1,1
BRF:4
BRH:3
end_of_record
TN:
SF:src\components\ProtectedRoute.js
FN:3,ProtectedRoute
FNF:1
FNH:1
FNDA:2,ProtectedRoute
DA:4,2
DA:6,2
DA:7,1
DA:9,1
LF:4
LH:4
BRDA:6,0,0,1
BRDA:6,0,1,1
BRF:2
BRH:2
end_of_record
TN:
SF:src\pages\Callback.js
FN:4,Callback
FNF:1
FNH:1
FNDA:1,Callback
DA:5,1
LF:1
LH:1
BRF:0
BRH:0
end_of_record
TN:
SF:src\pages\CovidCrud.js
FN:5,CovidCrud
FN:20,(anonymous_1)
FN:30,(anonymous_2)
FN:40,(anonymous_3)
FN:45,(anonymous_4)
FN:50,(anonymous_5)
FN:74,(anonymous_6)
FN:86,(anonymous_7)
FN:163,(anonymous_8)
FN:173,(anonymous_9)
FN:179,(anonymous_10)
FNF:11
FNH:11
FNDA:23,CovidCrud
FNDA:15,(anonymous_1)
FNDA:1,(anonymous_2)
FNDA:11,(anonymous_3)
FNDA:4,(anonymous_4)
FNDA:3,(anonymous_5)
FNDA:2,(anonymous_6)
FNDA:1,(anonymous_7)
FNDA:18,(anonymous_8)
FNDA:2,(anonymous_9)
FNDA:1,(anonymous_10)
DA:6,23
DA:7,23
DA:9,23
DA:10,23
DA:17,23
DA:20,23
DA:21,15
DA:22,15
DA:23,14
DA:25,1
DA:30,23
DA:31,1
DA:32,1
DA:33,1
DA:34,1
DA:36,0
DA:40,23
DA:41,11
DA:45,23
DA:46,4
DA:50,23
DA:51,3
DA:52,3
DA:53,1
DA:56,1
DA:58,2
DA:61,1
DA:64,2
DA:65,2
DA:66,2
DA:68,1
DA:69,1
DA:74,23
DA:75,2
DA:82,2
DA:86,23
DA:87,1
DA:88,1
DA:91,1
DA:92,1
DA:94,0
DA:98,23
DA:164,18
DA:173,2
DA:179,1
LF:45
LH:43
BRDA:52,0,0,1
BRDA:52,0,1,2
BRDA:68,1,0,1
BRDA:68,1,1,0
BRDA:69,2,0,1
BRDA:69,2,1,0
BRDA:69,2,2,0
BRDA:145,3,0,3
BRDA:145,3,1,20
BRF:9
BRH:6
end_of_record
TN:
SF:src\pages\Home.js
FN:1,Home
FNF:1
FNH:1
FNDA:11,Home
DA:2,11
LF:1
LH:1
BRF:0
BRH:0
end_of_record
TN:
SF:src\pages\Login.js
FN:6,Login
FN:18,(anonymous_1)
FN:31,(anonymous_2)
FN:44,(anonymous_3)
FN:76,(anonymous_4)
FN:83,(anonymous_5)
FNF:6
FNH:6
FNDA:23,Login
FNDA:10,(anonymous_1)
FNDA:2,(anonymous_2)
FNDA:2,(anonymous_3)
FNDA:3,(anonymous_4)
FNDA:3,(anonymous_5)
DA:7,23
DA:8,23
DA:9,23
DA:11,23
DA:12,23
DA:14,23
DA:15,23
DA:18,23
DA:19,10
DA:20,10
DA:21,10
DA:22,6
DA:23,6
DA:24,6
DA:25,6
DA:26,6
DA:31,23
DA:32,2
DA:33,2
DA:37,1
DA:39,1
DA:44,23
DA:45,2
DA:46,2
DA:51,1
DA:52,1
DA:54,1
DA:55,1
DA:56,1
DA:57,1
DA:59,0
DA:62,1
DA:63,1
DA:65,1
DA:69,23
DA:76,3
DA:83,3
LF:37
LH:36
BRDA:21,0,0,6
BRDA:21,0,1,4
BRDA:39,1,0,1
BRDA:39,1,1,0
BRDA:65,2,0,1
BRDA:65,2,1,0
BRDA:99,3,0,23
BRDA:99,3,1,5
BRF:8
BRH:6
end_of_record
